<?xml version="1.0" encoding="UTF-8"?>
<!-- Generated by org.testng.reporters.JUnitReportReporter -->
<testsuite hostname="LAPTOP-T1MB0794" failures="0" tests="1" name="by.stormnet.web.OnlinerWeatherTest" time="9.957" errors="0" timestamp="2020-01-21T15:15:59 MSK" skipped="0">
  <testcase classname="by.stormnet.web.OnlinerWeatherTest" name="checkWeatherTest" time="9.957"/>
</testsuite> <!-- by.stormnet.web.OnlinerWeatherTest -->
