<?xml version="1.0" encoding="UTF-8"?>
<!-- Generated by org.testng.reporters.JUnitReportReporter -->
<testsuite hostname="LAPTOP-T1MB0794" failures="0" tests="1" name="by.stormnet.web.OnlinerMobilePhoneTest" time="20.390" errors="0" timestamp="2020-01-21T15:15:59 MSK" skipped="0">
  <testcase classname="by.stormnet.web.OnlinerMobilePhoneTest" name="checkMobilePhoneTest" time="20.390"/>
</testsuite> <!-- by.stormnet.web.OnlinerMobilePhoneTest -->
